2024-02-12T17:06:59.189+07:00  INFO 11104 --- [main] seminar8.Seminar8Application             : Starting Seminar8Application using Java 18.0.2 with PID 11104 (C:\GB\GB_HomeWorks\Spring\seminar8\target\classes started by V in C:\GB\GB_HomeWorks\Spring\seminar8)
2024-02-12T17:06:59.196+07:00  INFO 11104 --- [main] seminar8.Seminar8Application             : No active profile set, falling back to 1 default profile: "default"
2024-02-12T17:07:01.453+07:00  INFO 11104 --- [main] .s.d.r.c.RepositoryConfigurationDelegate : Bootstrapping Spring Data JPA repositories in DEFAULT mode.
2024-02-12T17:07:01.621+07:00  INFO 11104 --- [main] .s.d.r.c.RepositoryConfigurationDelegate : Finished Spring Data repository scanning in 143 ms. Found 2 JPA repository interfaces.
2024-02-12T17:07:03.965+07:00  INFO 11104 --- [main] o.s.b.w.embedded.tomcat.TomcatWebServer  : Tomcat initialized with port 8080 (http)
2024-02-12T17:07:04.001+07:00  INFO 11104 --- [main] o.apache.catalina.core.StandardService   : Starting service [Tomcat]
2024-02-12T17:07:04.002+07:00  INFO 11104 --- [main] o.apache.catalina.core.StandardEngine    : Starting Servlet engine: [Apache Tomcat/10.1.18]
2024-02-12T17:07:04.216+07:00  INFO 11104 --- [main] o.a.c.c.C.[Tomcat].[localhost].[/]       : Initializing Spring embedded WebApplicationContext
2024-02-12T17:07:04.217+07:00  INFO 11104 --- [main] w.s.c.ServletWebServerApplicationContext : Root WebApplicationContext: initialization completed in 4879 ms
2024-02-12T17:07:04.614+07:00  INFO 11104 --- [main] com.zaxxer.hikari.HikariDataSource       : HikariPool-1 - Starting...
2024-02-12T17:07:05.090+07:00  INFO 11104 --- [main] com.zaxxer.hikari.pool.HikariPool        : HikariPool-1 - Added connection conn0: url=jdbc:h2:mem:cd5f9122-e05c-477a-9dca-7c466bd70626 user=SA
2024-02-12T17:07:05.099+07:00  INFO 11104 --- [main] com.zaxxer.hikari.HikariDataSource       : HikariPool-1 - Start completed.
2024-02-12T17:07:05.318+07:00  INFO 11104 --- [main] o.hibernate.jpa.internal.util.LogHelper  : HHH000204: Processing PersistenceUnitInfo [name: default]
2024-02-12T17:07:05.489+07:00  INFO 11104 --- [main] org.hibernate.Version                    : HHH000412: Hibernate ORM core version 6.4.1.Final
2024-02-12T17:07:05.609+07:00  INFO 11104 --- [main] o.h.c.internal.RegionFactoryInitiator    : HHH000026: Second-level cache disabled
2024-02-12T17:07:06.250+07:00  INFO 11104 --- [main] o.s.o.j.p.SpringPersistenceUnitInfo      : No LoadTimeWeaver setup: ignoring JPA class transformer
2024-02-12T17:07:08.117+07:00  INFO 11104 --- [main] o.h.e.t.j.p.i.JtaPlatformInitiator       : HHH000489: No JTA platform available (set 'hibernate.transaction.jta.platform' to enable JTA platform integration)
2024-02-12T17:07:08.202+07:00  INFO 11104 --- [main] j.LocalContainerEntityManagerFactoryBean : Initialized JPA EntityManagerFactory for persistence unit 'default'
2024-02-12T17:07:09.540+07:00  WARN 11104 --- [main] JpaBaseConfiguration$JpaWebConfiguration : spring.jpa.open-in-view is enabled by default. Therefore, database queries may be performed during view rendering. Explicitly configure spring.jpa.open-in-view to disable this warning
2024-02-12T17:07:10.831+07:00  INFO 11104 --- [main] o.s.b.w.embedded.tomcat.TomcatWebServer  : Tomcat started on port 8080 (http) with context path ''
2024-02-12T17:07:10.853+07:00  INFO 11104 --- [main] seminar8.Seminar8Application             : Started Seminar8Application in 12.904 seconds (process running for 13.987)
2024-02-12T17:07:27.179+07:00  INFO 11104 --- [http-nio-8080-exec-1] o.a.c.c.C.[Tomcat].[localhost].[/]       : Initializing Spring DispatcherServlet 'dispatcherServlet'
2024-02-12T17:07:27.179+07:00  INFO 11104 --- [http-nio-8080-exec-1] o.s.web.servlet.DispatcherServlet        : Initializing Servlet 'dispatcherServlet'
2024-02-12T17:07:27.184+07:00  INFO 11104 --- [http-nio-8080-exec-1] o.s.web.servlet.DispatcherServlet        : Completed initialization in 4 ms
2024-02-12T17:07:27.416+07:00  INFO 11104 --- [http-nio-8080-exec-1] seminar8.aop.TrackUserActionAspect       : Action at: 2024-02-12 17:07:27 / signature: Task seminar8.service.TaskServiceImpl.createTask(Task) / args: [Task{id=0, description='Домашка №77', status=TO_DO, date=Fri Feb 02 07:00:00 KRAT 2024}] 
2024-02-12T17:07:37.532+07:00  INFO 11104 --- [http-nio-8080-exec-3] seminar8.aop.TrackUserActionAspect       : Action at: 2024-02-12 17:07:37 / signature: Task seminar8.service.TaskServiceImpl.createTask(Task) / args: [Task{id=0, description='Домашка №707', status=TO_DO, date=Fri Feb 02 07:00:00 KRAT 2024}] 
2024-02-12T17:07:47.157+07:00  INFO 11104 --- [http-nio-8080-exec-4] seminar8.aop.TrackUserActionAspect       : Action at: 2024-02-12 17:07:47 / signature: Task seminar8.service.TaskServiceImpl.createTask(Task) / args: [Task{id=0, description='Домашка №55', status=TO_DO, date=Fri Feb 02 07:00:00 KRAT 2024}] 
2024-02-12T17:08:49.072+07:00  INFO 11104 --- [http-nio-8080-exec-6] seminar8.aop.TrackUserActionAspect       : Action at: 2024-02-12 17:08:49 / signature: Executor seminar8.service.ExecutorServiceImpl.createExecutor(Executor) / args: [Executor{id=0, name='Иванов', task=null}] 
2024-02-12T17:09:03.870+07:00  INFO 11104 --- [http-nio-8080-exec-8] seminar8.aop.TrackUserActionAspect       : Action at: 2024-02-12 17:09:03 / signature: Executor seminar8.service.ExecutorServiceImpl.createExecutor(Executor) / args: [Executor{id=0, name='Петров', task=null}] 
2024-02-12T17:09:17.124+07:00  INFO 11104 --- [http-nio-8080-exec-9] seminar8.aop.TrackUserActionAspect       : Action at: 2024-02-12 17:09:17 / signature: Executor seminar8.service.ExecutorServiceImpl.createExecutor(Executor) / args: [Executor{id=0, name='Сидоров', task=null}] 
2024-02-12T17:09:44.482+07:00  INFO 11104 --- [http-nio-8080-exec-10] seminar8.aop.TrackUserActionAspect       : Action at: 2024-02-12 17:09:44 / signature: Executor seminar8.service.ExecutorServiceImpl.assignTask(Long,Long) / args: [3, 2] 
2024-02-12T17:10:52.341+07:00  INFO 11104 --- [SpringApplicationShutdownHook] j.LocalContainerEntityManagerFactoryBean : Closing JPA EntityManagerFactory for persistence unit 'default'
2024-02-12T17:10:52.356+07:00  INFO 11104 --- [SpringApplicationShutdownHook] com.zaxxer.hikari.HikariDataSource       : HikariPool-1 - Shutdown initiated...
2024-02-12T17:10:52.360+07:00  INFO 11104 --- [SpringApplicationShutdownHook] com.zaxxer.hikari.HikariDataSource       : HikariPool-1 - Shutdown completed.
